<?xml version="1.0" encoding="UTF-8"?>
<testng-results ignored="0" total="2" passed="2" failed="0" skipped="0">
  <reporter-output>
  </reporter-output>
  <suite started-at="2024-07-31T17:46:14 PDT" name="Suite" finished-at="2024-07-31T17:46:29 PDT" duration-ms="15206">
    <groups>
    </groups>
    <test started-at="2024-07-31T17:46:14 PDT" name="Test" finished-at="2024-07-31T17:46:29 PDT" duration-ms="15206">
      <class name="Test.LoginPage">
        <test-method is-config="true" signature="getdriver()[pri:0, instance:Test.LoginPage@56620197]" started-at="2024-07-31T17:46:14 PDT" name="getdriver" finished-at="2024-07-31T17:46:20 PDT" duration-ms="5716" status="PASS">
          <reporter-output>
          </reporter-output>
        </test-method> <!-- getdriver -->
        <test-method signature="aLogin()[pri:0, instance:Test.LoginPage@56620197]" started-at="2024-07-31T17:46:20 PDT" name="aLogin" finished-at="2024-07-31T17:46:22 PDT" duration-ms="2819" status="PASS">
          <reporter-output>
          </reporter-output>
        </test-method> <!-- aLogin -->
        <test-method is-config="true" signature="quit()[pri:0, instance:Test.LoginPage@56620197]" started-at="2024-07-31T17:46:22 PDT" name="quit" finished-at="2024-07-31T17:46:23 PDT" duration-ms="272" status="PASS">
          <reporter-output>
          </reporter-output>
        </test-method> <!-- quit -->
        <test-method is-config="true" signature="getdriver()[pri:0, instance:Test.LoginPage@56620197]" started-at="2024-07-31T17:46:23 PDT" name="getdriver" finished-at="2024-07-31T17:46:26 PDT" duration-ms="3342" status="PASS">
          <reporter-output>
          </reporter-output>
        </test-method> <!-- getdriver -->
        <test-method signature="bLogin()[pri:0, instance:Test.LoginPage@56620197]" started-at="2024-07-31T17:46:26 PDT" name="bLogin" finished-at="2024-07-31T17:46:29 PDT" duration-ms="2699" status="PASS">
          <reporter-output>
          </reporter-output>
        </test-method> <!-- bLogin -->
        <test-method is-config="true" signature="quit()[pri:0, instance:Test.LoginPage@56620197]" started-at="2024-07-31T17:46:29 PDT" name="quit" finished-at="2024-07-31T17:46:29 PDT" duration-ms="281" status="PASS">
          <reporter-output>
          </reporter-output>
        </test-method> <!-- quit -->
      </class> <!-- Test.LoginPage -->
    </test> <!-- Test -->
  </suite> <!-- Suite -->
</testng-results>
