<?xml version="1.0" encoding="UTF-8"?>
<testng-results ignored="0" total="2" passed="2" failed="0" skipped="0">
  <reporter-output>
  </reporter-output>
  <suite started-at="2024-07-31T16:28:27 PDT" name="Suite" finished-at="2024-07-31T16:28:41 PDT" duration-ms="14258">
    <groups>
    </groups>
    <test started-at="2024-07-31T16:28:27 PDT" name="Test" finished-at="2024-07-31T16:28:41 PDT" duration-ms="14258">
      <class name="Test.LoginPage">
        <test-method is-config="true" signature="getdriver()[pri:0, instance:Test.LoginPage@1aafa419]" started-at="2024-07-31T16:28:27 PDT" name="getdriver" finished-at="2024-07-31T16:28:32 PDT" duration-ms="5034" status="PASS">
          <reporter-output>
          </reporter-output>
        </test-method> <!-- getdriver -->
        <test-method signature="aLogin()[pri:0, instance:Test.LoginPage@1aafa419]" started-at="2024-07-31T16:28:32 PDT" name="aLogin" finished-at="2024-07-31T16:28:34 PDT" duration-ms="2509" status="PASS">
          <reporter-output>
          </reporter-output>
        </test-method> <!-- aLogin -->
        <test-method is-config="true" signature="quit()[pri:0, instance:Test.LoginPage@1aafa419]" started-at="2024-07-31T16:28:34 PDT" name="quit" finished-at="2024-07-31T16:28:35 PDT" duration-ms="350" status="PASS">
          <reporter-output>
          </reporter-output>
        </test-method> <!-- quit -->
        <test-method is-config="true" signature="getdriver()[pri:0, instance:Test.LoginPage@1aafa419]" started-at="2024-07-31T16:28:35 PDT" name="getdriver" finished-at="2024-07-31T16:28:38 PDT" duration-ms="3485" status="PASS">
          <reporter-output>
          </reporter-output>
        </test-method> <!-- getdriver -->
        <test-method signature="bLogin()[pri:0, instance:Test.LoginPage@1aafa419]" started-at="2024-07-31T16:28:38 PDT" name="bLogin" finished-at="2024-07-31T16:28:41 PDT" duration-ms="2425" status="PASS">
          <reporter-output>
          </reporter-output>
        </test-method> <!-- bLogin -->
        <test-method is-config="true" signature="quit()[pri:0, instance:Test.LoginPage@1aafa419]" started-at="2024-07-31T16:28:41 PDT" name="quit" finished-at="2024-07-31T16:28:41 PDT" duration-ms="353" status="PASS">
          <reporter-output>
          </reporter-output>
        </test-method> <!-- quit -->
      </class> <!-- Test.LoginPage -->
    </test> <!-- Test -->
  </suite> <!-- Suite -->
</testng-results>
